%!Adobe-FontList 1.16
%Locale:0x409

%BeginFont
Handler:DirectoryHandler
FontType:Type1
FontName:AdobeArabic-Bold
FamilyName:Adobe Arabic
StyleName:Bold
MenuName:Adobe Arabic
StyleBits:2
WeightClass:700
WidthClass:5
AngleClass:0
FullName:Adobe Arabic Bold
FamilyNameNative:
StyleNameNative:Bold
FullNameNative:
WritingScript:Arabic
OutlineFileName:\AdobeArabic-Bold.otf
DataFormat:sfntData
UsesStandardEncoding:yes
isCFF:yes
FileLength:307228
FileModTime:1453204309
NameArray:0,Mac,4,Adobe Arabic Bold
NameArray:0,Win,1,Adobe Arabic
%EndFont

%BeginFont
Handler:DirectoryHandler
FontType:Type1
FontName:AdobeArabic-BoldItalic
FamilyName:Adobe Arabic
StyleName:Bold Italic
MenuName:Adobe Arabic
StyleBits:3
WeightClass:700
WidthClass:5
AngleClass:1
FullName:Adobe Arabic Bold Italic
FamilyNameNative:
StyleNameNative:Bold Italic
FullNameNative:
WritingScript:Arabic
OutlineFileName:\AdobeArabic-BoldItalic.otf
DataFormat:sfntData
UsesStandardEncoding:yes
isCFF:yes
FileLength:329784
FileModTime:1453204309
NameArray:0,Mac,4,Adobe Arabic Bold Italic
NameArray:0,Win,1,Adobe Arabic
%EndFont

%BeginFont
Handler:DirectoryHandler
FontType:Type1
FontName:AdobeArabic-Italic
FamilyName:Adobe Arabic
StyleName:Italic
MenuName:Adobe Arabic
StyleBits:1
WeightClass:400
WidthClass:5
AngleClass:1
FullName:Adobe Arabic Italic
FamilyNameNative:
StyleNameNative:Italic
FullNameNative:
WritingScript:Arabic
OutlineFileName:\AdobeArabic-Italic.otf
DataFormat:sfntData
UsesStandardEncoding:yes
isCFF:yes
FileLength:339276
FileModTime:1453204309
NameArray:0,Mac,4,Adobe Arabic Italic
NameArray:0,Win,1,Adobe Arabic
%EndFont

%BeginFont
Handler:DirectoryHandler
FontType:Type1
FontName:AdobeArabic-Regular
FamilyName:Adobe Arabic
StyleName:Regular
MenuName:Adobe Arabic
StyleBits:0
WeightClass:400
WidthClass:5
AngleClass:0
FullName:Adobe Arabic Regular
FamilyNameNative:
StyleNameNative:Regular
FullNameNative:
WritingScript:Arabic
OutlineFileName:\AdobeArabic-Regular.otf
DataFormat:sfntData
UsesStandardEncoding:yes
isCFF:yes
FileLength:299680
FileModTime:1453204309
NameArray:0,Mac,18,Adobe Arabic
NameArray:0,Mac,4,Adobe Arabic Regular
NameArray:0,Win,1,Adobe Arabic
%EndFont

%BeginFont
Handler:DirectoryHandler
FontType:CID
FontName:AdobeFanHeitiStd-Bold
FamilyName:Adobe Fan Heiti Std
StyleName:B
MenuName:Adobe Fan Heiti Std B
StyleBits:2
WeightClass:600
WidthClass:5
AngleClass:0
FullName:Adobe Fan Heiti Std B
FamilyNameNative:Adobe 繁黑體 Std
StyleNameNative:B
FullNameNative:Adobe 繁黑體 Std B
WritingScript:TraditionalChinese
OutlineFileName:\AdobeFanHeitiStd-Bold.otf
DataFormat:sfntData
isCFF:yes
FileLength:5500724
FileModTime:1453204309
NameArray:0,Mac,4,Adobe Fan Heiti Std B
NameArray:2,Mac,4,Adobe 繁黑體 Std B
NameArray:2,Win,1,Adobe 繁黑體 Std B
NameArray:2,Win,16,Adobe 繁黑體 Std
NameArray:0,Win,1,Adobe Fan Heiti Std B
NameArray:0,Win,16,Adobe Fan Heiti Std
NameArray:2,Win,1,Adobe 繁黑體 Std B
NameArray:2,Win,16,Adobe 繁黑體 Std
%EndFont

%BeginFont
Handler:DirectoryHandler
FontType:CID
FontName:AdobeGothicStd-Bold
FamilyName:Adobe Gothic Std
StyleName:B
MenuName:Adobe Gothic Std B
StyleBits:2
WeightClass:700
WidthClass:5
AngleClass:0
FullName:Adobe Gothic Std B
FamilyNameNative:Adobe 고딕 Std
StyleNameNative:B
FullNameNative:Adobe 고딕 Std B
WritingScript:Korean
OutlineFileName:\AdobeGothicStd-Bold.otf
DataFormat:sfntData
isCFF:yes
FileLength:2887924
FileModTime:1453204309
NameArray:0,Mac,4,Adobe Gothic Std B
NameArray:3,Mac,4,Adobe 고딕 Std B
NameArray:0,Win,1,Adobe Gothic Std B
NameArray:0,Win,16,Adobe Gothic Std
NameArray:3,Win,1,Adobe 고딕 Std B
NameArray:3,Win,16,Adobe 고딕 Std
%EndFont

%BeginFont
Handler:DirectoryHandler
FontType:Type1
FontName:AdobeHebrew-Bold
FamilyName:Adobe Hebrew
StyleName:Bold
MenuName:Adobe Hebrew
StyleBits:2
WeightClass:600
WidthClass:5
AngleClass:0
FullName:Adobe Hebrew Bold
FamilyNameNative:
StyleNameNative:Bold
FullNameNative:
WritingScript:Hebrew
OutlineFileName:\AdobeHebrew-Bold.otf
DataFormat:sfntData
UsesStandardEncoding:yes
isCFF:yes
FileLength:72116
FileModTime:1453204309
NameArray:0,Mac,4,Adobe Hebrew Bold
NameArray:0,Win,1,Adobe Hebrew
%EndFont

%BeginFont
Handler:DirectoryHandler
FontType:Type1
FontName:AdobeHebrew-BoldItalic
FamilyName:Adobe Hebrew
StyleName:Bold Italic
MenuName:Adobe Hebrew
StyleBits:3
WeightClass:600
WidthClass:5
AngleClass:1
FullName:Adobe Hebrew Bold Italic
FamilyNameNative:
StyleNameNative:Bold Italic
FullNameNative:
WritingScript:Hebrew
OutlineFileName:\AdobeHebrew-BoldItalic.otf
DataFormat:sfntData
UsesStandardEncoding:yes
isCFF:yes
FileLength:75304
FileModTime:1453204309
NameArray:0,Mac,4,Adobe Hebrew Bold Italic
NameArray:0,Win,1,Adobe Hebrew
%EndFont

%BeginFont
Handler:DirectoryHandler
FontType:Type1
FontName:AdobeHebrew-Italic
FamilyName:Adobe Hebrew
StyleName:Italic
MenuName:Adobe Hebrew
StyleBits:1
WeightClass:400
WidthClass:5
AngleClass:1
FullName:Adobe Hebrew Italic
FamilyNameNative:
StyleNameNative:Italic
FullNameNative:
WritingScript:Hebrew
OutlineFileName:\AdobeHebrew-Italic.otf
DataFormat:sfntData
UsesStandardEncoding:yes
isCFF:yes
FileLength:75220
FileModTime:1453204309
NameArray:0,Mac,4,Adobe Hebrew Italic
NameArray:0,Win,1,Adobe Hebrew
%EndFont

%BeginFont
Handler:DirectoryHandler
FontType:Type1
FontName:AdobeHebrew-Regular
FamilyName:Adobe Hebrew
StyleName:Regular
MenuName:Adobe Hebrew
StyleBits:0
WeightClass:400
WidthClass:5
AngleClass:0
FullName:Adobe Hebrew Regular
FamilyNameNative:
StyleNameNative:Regular
FullNameNative:
WritingScript:Hebrew
OutlineFileName:\AdobeHebrew-Regular.otf
DataFormat:sfntData
UsesStandardEncoding:yes
isCFF:yes
FileLength:73492
FileModTime:1453204309
NameArray:0,Mac,18,Adobe Hebrew
NameArray:0,Mac,4,Adobe Hebrew Regular
NameArray:0,Win,1,Adobe Hebrew
%EndFont

%BeginFont
Handler:DirectoryHandler
FontType:CID
FontName:AdobeHeitiStd-Regular
FamilyName:Adobe Heiti Std
StyleName:R
MenuName:Adobe Heiti Std R
StyleBits:0
WeightClass:400
WidthClass:5
AngleClass:0
FullName:Adobe Heiti Std R
FamilyNameNative:Adobe 黑体 Std
StyleNameNative:R
FullNameNative:Adobe 黑体 Std R
WritingScript:SimplifiedChinese
OutlineFileName:\AdobeHeitiStd-Regular.otf
DataFormat:sfntData
isCFF:yes
FileLength:12268676
FileModTime:1453204309
NameArray:0,Mac,4,Adobe Heiti Std R
NameArray:25,Mac,4,Adobe 黑体 Std R
NameArray:0,Win,1,Adobe Heiti Std R
NameArray:0,Win,16,Adobe Heiti Std
NameArray:25,Win,1,Adobe 黑体 Std R
NameArray:25,Win,16,Adobe 黑体 Std
%EndFont

%BeginFont
Handler:DirectoryHandler
FontType:CID
FontName:AdobeMingStd-Light
FamilyName:Adobe Ming Std
StyleName:L
MenuName:Adobe Ming Std L
StyleBits:0
WeightClass:300
WidthClass:5
AngleClass:0
FullName:Adobe Ming Std L
FamilyNameNative:Adobe 明體 Std
StyleNameNative:L
FullNameNative:Adobe 明體 Std L
WritingScript:TraditionalChinese
OutlineFileName:\AdobeMingStd-Light.otf
DataFormat:sfntData
isCFF:yes
FileLength:10174452
FileModTime:1453204309
NameArray:0,Mac,4,Adobe Ming Std L
NameArray:2,Mac,4,Adobe 明體 Std L
NameArray:2,Win,1,Adobe 明體 Std L
NameArray:2,Win,16,Adobe 明體 Std
NameArray:0,Win,1,Adobe Ming Std L
NameArray:0,Win,16,Adobe Ming Std
NameArray:2,Win,1,Adobe 明體 Std L
NameArray:2,Win,16,Adobe 明體 Std
%EndFont

%BeginFont
Handler:DirectoryHandler
FontType:CID
FontName:AdobeMyungjoStd-Medium
FamilyName:Adobe Myungjo Std
StyleName:M
MenuName:Adobe Myungjo Std M
StyleBits:0
WeightClass:500
WidthClass:5
AngleClass:0
FullName:Adobe Myungjo Std M
FamilyNameNative:Adobe 명조 Std
StyleNameNative:M
FullNameNative:Adobe 명조 Std M
WritingScript:Korean
OutlineFileName:\AdobeMyungjoStd-Medium.otf
DataFormat:sfntData
isCFF:yes
FileLength:4103860
FileModTime:1453204309
NameArray:0,Mac,4,Adobe Myungjo Std M
NameArray:3,Mac,4,Adobe 명조 Std M
NameArray:0,Win,1,Adobe Myungjo Std M
NameArray:0,Win,16,Adobe Myungjo Std
NameArray:3,Win,1,Adobe 명조 Std M
NameArray:3,Win,16,Adobe 명조 Std
%EndFont

%BeginFont
Handler:DirectoryHandler
FontType:Type1
FontName:AdobePiStd
FamilyName:Adobe Pi Std
StyleName:Regular
MenuName:Adobe Pi Std
StyleBits:0
WeightClass:400
WidthClass:5
AngleClass:0
FullName:Adobe Pi Std
WritingScript:Roman
OutlineFileName:\AdobePiStd.otf
DataFormat:sfntData
UsesStandardEncoding:yes
isCFF:yes
FileLength:92588
FileModTime:1453204309
DesignSize:240
NameArray:0,Mac,4,Adobe Pi Std
NameArray:0,Win,1,Adobe Pi Std
%EndFont

%BeginFont
Handler:DirectoryHandler
FontType:CID
FontName:AdobeSongStd-Light
FamilyName:Adobe Song Std
StyleName:L
MenuName:Adobe Song Std L
StyleBits:0
WeightClass:300
WidthClass:5
AngleClass:0
FullName:Adobe Song Std L
FamilyNameNative:Adobe 宋体 Std
StyleNameNative:L
FullNameNative:Adobe 宋体 Std L
WritingScript:SimplifiedChinese
OutlineFileName:\AdobeSongStd-Light.otf
DataFormat:sfntData
isCFF:yes
FileLength:15589912
FileModTime:1453204310
NameArray:0,Mac,4,Adobe Song Std L
NameArray:25,Mac,4,Adobe 宋体 Std L
NameArray:0,Win,1,Adobe Song Std L
NameArray:0,Win,16,Adobe Song Std
NameArray:25,Win,1,Adobe 宋体 Std L
NameArray:25,Win,16,Adobe 宋体 Std
%EndFont

%BeginFont
Handler:DirectoryHandler
FontType:Type1
FontName:AdobeThai-Bold
FamilyName:Adobe Thai
StyleName:Bold
MenuName:Adobe Thai
StyleBits:2
WeightClass:600
WidthClass:5
AngleClass:0
FullName:Adobe Thai Bold
FamilyNameNative:
StyleNameNative:Bold
FullNameNative:
WritingScript:Thai
OutlineFileName:\AdobeThai-Bold.otf
DataFormat:sfntData
UsesStandardEncoding:yes
isCFF:yes
FileLength:70092
FileModTime:1453204310
NameArray:0,Mac,4,Adobe Thai Bold
NameArray:0,Win,1,Adobe Thai
%EndFont

%BeginFont
Handler:DirectoryHandler
FontType:Type1
FontName:AdobeThai-BoldItalic
FamilyName:Adobe Thai
StyleName:Bold Italic
MenuName:Adobe Thai
StyleBits:3
WeightClass:600
WidthClass:5
AngleClass:1
FullName:Adobe Thai Bold Italic
FamilyNameNative:
StyleNameNative:Bold Italic
FullNameNative:
WritingScript:Thai
OutlineFileName:\AdobeThai-BoldItalic.otf
DataFormat:sfntData
UsesStandardEncoding:yes
isCFF:yes
FileLength:73224
FileModTime:1453204310
NameArray:0,Mac,4,Adobe Thai Bold Italic
NameArray:0,Win,1,Adobe Thai
%EndFont

%BeginFont
Handler:DirectoryHandler
FontType:Type1
FontName:AdobeThai-Italic
FamilyName:Adobe Thai
StyleName:Italic
MenuName:Adobe Thai
StyleBits:1
WeightClass:400
WidthClass:5
AngleClass:1
FullName:Adobe Thai Italic
FamilyNameNative:
StyleNameNative:Italic
FullNameNative:
WritingScript:Thai
OutlineFileName:\AdobeThai-Italic.otf
DataFormat:sfntData
UsesStandardEncoding:yes
isCFF:yes
FileLength:73512
FileModTime:1453204310
NameArray:0,Mac,4,Adobe Thai Italic
NameArray:0,Win,1,Adobe Thai
%EndFont

%BeginFont
Handler:DirectoryHandler
FontType:Type1
FontName:AdobeThai-Regular
FamilyName:Adobe Thai
StyleName:Regular
MenuName:Adobe Thai
StyleBits:0
WeightClass:400
WidthClass:5
AngleClass:0
FullName:Adobe Thai Regular
FamilyNameNative:
StyleNameNative:Regular
FullNameNative:
WritingScript:Thai
OutlineFileName:\AdobeThai-Regular.otf
DataFormat:sfntData
UsesStandardEncoding:yes
isCFF:yes
FileLength:69840
FileModTime:1453204310
NameArray:0,Mac,18,Adobe Thai
NameArray:0,Mac,4,Adobe Thai Regular
NameArray:0,Win,1,Adobe Thai
%EndFont

%BeginFont
Handler:DirectoryHandler
FontType:Type1
FontName:CourierStd-Bold
FamilyName:Courier Std
StyleName:Bold
MenuName:Courier Std
StyleBits:2
WeightClass:700
WidthClass:5
AngleClass:0
FullName:Courier Std Bold
WritingScript:Roman
OutlineFileName:\CourierStd-Bold.otf
DataFormat:sfntData
UsesStandardEncoding:yes
isCFF:yes
FileLength:37524
FileModTime:1453204310
DesignSize:120
NameArray:0,Mac,4,Courier Std Bold
NameArray:0,Win,1,Courier Std
%EndFont

%BeginFont
Handler:DirectoryHandler
FontType:Type1
FontName:CourierStd-BoldOblique
FamilyName:Courier Std
StyleName:Bold Oblique
MenuName:Courier Std
StyleBits:3
WeightClass:700
WidthClass:5
AngleClass:1
FullName:Courier Std Bold Oblique
WritingScript:Roman
OutlineFileName:\CourierStd-BoldOblique.otf
DataFormat:sfntData
UsesStandardEncoding:yes
isCFF:yes
FileLength:38984
FileModTime:1453204310
DesignSize:120
NameArray:0,Mac,4,Courier Std Bold Oblique
NameArray:0,Win,1,Courier Std
%EndFont

%BeginFont
Handler:DirectoryHandler
FontType:Type1
FontName:CourierStd-Oblique
FamilyName:Courier Std
StyleName:Medium Oblique
MenuName:Courier Std
StyleBits:1
WeightClass:500
WidthClass:5
AngleClass:1
FullName:Courier Std Medium Oblique
WritingScript:Roman
OutlineFileName:\CourierStd-Oblique.otf
DataFormat:sfntData
UsesStandardEncoding:yes
isCFF:yes
FileLength:39332
FileModTime:1453204310
DesignSize:120
NameArray:0,Mac,18,Courier Std Oblique
NameArray:0,Mac,4,Courier Std Medium Oblique
NameArray:0,Win,1,Courier Std
%EndFont

%BeginFont
Handler:DirectoryHandler
FontType:Type1
FontName:CourierStd
FamilyName:Courier Std
StyleName:Medium
MenuName:Courier Std
StyleBits:0
WeightClass:500
WidthClass:5
AngleClass:0
FullName:Courier Std Medium
WritingScript:Roman
OutlineFileName:\CourierStd.otf
DataFormat:sfntData
UsesStandardEncoding:yes
isCFF:yes
FileLength:37860
FileModTime:1453204310
DesignSize:120
NameArray:0,Mac,18,Courier Std
NameArray:0,Mac,4,Courier Std Medium
NameArray:0,Win,1,Courier Std
%EndFont

%BeginFont
Handler:DirectoryHandler
FontType:CID
FontName:KozGoPr6N-Medium
FamilyName:Kozuka Gothic Pr6N
StyleName:M
MenuName:Kozuka Gothic Pr6N M
StyleBits:0
WeightClass:500
WidthClass:5
AngleClass:0
FullName:Kozuka Gothic Pr6N M
FamilyNameNative:小塚ゴシック Pr6N
StyleNameNative:M
FullNameNative:小塚ゴシック Pr6N M
WritingScript:Japanese
OutlineFileName:\KozGoPr6N-Medium.otf
DataFormat:sfntData
isCFF:yes
FileLength:5484544
FileModTime:1453204310
NameArray:0,Mac,4,Kozuka Gothic Pr6N M
NameArray:1,Mac,4,小塚ゴシック Pr6N M
NameArray:0,Win,1,Kozuka Gothic Pr6N M
NameArray:0,Win,16,Kozuka Gothic Pr6N
NameArray:1,Win,1,小塚ゴシック Pr6N M
NameArray:1,Win,16,小塚ゴシック Pr6N
%EndFont

%BeginFont
Handler:DirectoryHandler
FontType:CID
FontName:KozMinPr6N-Regular
FamilyName:Kozuka Mincho Pr6N
StyleName:R
MenuName:Kozuka Mincho Pr6N R
StyleBits:0
WeightClass:400
WidthClass:5
AngleClass:0
FullName:Kozuka Mincho Pr6N R
FamilyNameNative:小塚明朝 Pr6N
StyleNameNative:R
FullNameNative:小塚明朝 Pr6N R
WritingScript:Japanese
OutlineFileName:\KozMinPr6N-Regular.otf
DataFormat:sfntData
isCFF:yes
FileLength:6512848
FileModTime:1453204310
NameArray:0,Mac,4,Kozuka Mincho Pr6N R
NameArray:1,Mac,4,小塚明朝 Pr6N R
NameArray:0,Win,1,Kozuka Mincho Pr6N R
NameArray:0,Win,16,Kozuka Mincho Pr6N
NameArray:1,Win,1,小塚明朝 Pr6N R
NameArray:1,Win,16,小塚明朝 Pr6N
%EndFont

%BeginFont
Handler:DirectoryHandler
FontType:Type1
FontName:MinionPro-Regular
FamilyName:Minion Pro
StyleName:Regular
MenuName:Minion Pro
StyleBits:0
WeightClass:400
WidthClass:5
AngleClass:0
FullName:Minion Pro
WritingScript:Roman
OutlineFileName:\MinionPro-Regular.otf
DataFormat:sfntData
UsesStandardEncoding:yes
isCFF:yes
FileLength:218640
FileModTime:1453204310
DesignSize:110
NameArray:0,Mac,4,Minion Pro
NameArray:0,Win,1,Minion Pro
%EndFont

%BeginFont
Handler:DirectoryHandler
FontType:Type1
FontName:MyriadPro-Regular
FamilyName:Myriad Pro
StyleName:Regular
MenuName:Myriad Pro
StyleBits:0
WeightClass:400
WidthClass:5
AngleClass:0
FullName:Myriad Pro
WritingScript:Roman
OutlineFileName:\MyriadPro-Regular.otf
DataFormat:sfntData
UsesStandardEncoding:yes
isCFF:yes
FileLength:97072
FileModTime:1453204310
DesignSize:110
NameArray:0,Mac,4,Myriad Pro
NameArray:0,Win,1,Myriad Pro
%EndFont

%BeginFont
Handler:DirectoryHandler
FontType:Invalid
OutlineFileName:\sy______.afm
FileLength:9932
FileModTime:1453204310
%EndFont

%BeginFont
Handler:DirectoryHandler
FontType:Type1
FontName:Symbol
FamilyName:Symbol
StyleName:Medium
MenuName:Symbol
StyleBits:0
WeightClass:400
WidthClass:5
AngleClass:0
FullName:Symbol
WritingScript:Roman
OutlineFileName:\sy______.pfb
DataFormat:Plain
UsesStandardEncoding:no
isCFF:no
FileLength:34705
FileModTime:1453204310
DesignSize:-1
%EndFont

%BeginFont
Handler:DirectoryHandler
FontType:Type1
FontName:AdobeSansMM
FamilyName:Adobe Sans MM
StyleName:Regular
MenuName:AdobeSanMM
StyleBits:0
WeightClass:400
WidthClass:5
AngleClass:0
FullName:Adobe Sans MM
WritingScript:Roman
OutlineFileName:\zx______.pfb
DataFormat:Plain
MMAxisName:Weight
MMAxisName:Width
UsesStandardEncoding:yes
isCFF:no
FileLength:75573
FileModTime:1453204310
DesignSize:-1
%EndFont

%BeginFont
Handler:DirectoryHandler
FontType:Type1
FontName:AdobeSerifMM
FamilyName:Adobe Serif MM
StyleName:Regular
MenuName:AdobeSerMM
StyleBits:0
WeightClass:400
WidthClass:5
AngleClass:0
FullName:Adobe Serif MM
WritingScript:Roman
OutlineFileName:\zy______.pfb
DataFormat:Plain
MMAxisName:Weight
MMAxisName:Width
UsesStandardEncoding:yes
isCFF:no
FileLength:96418
FileModTime:1453204310
DesignSize:-1
%EndFont

%BeginFont
Handler:DirectoryHandler
FontType:Invalid
OutlineFileName:\PFM\sy______.inf
FileLength:487
FileModTime:1453204310
%EndFont

%BeginFont
Handler:DirectoryHandler
FontType:PFM
FontName:Symbol
NumMMAxes:0
OutlineFileName:\PFM\sy______.pfm
FileLength:672
FileModTime:1453204310
%EndFont

%BeginFont
Handler:DirectoryHandler
FontType:PFM
FontName:AdobeSansMM
NumMMAxes:2
OutlineFileName:\PFM\zx______.mmm
FileLength:7248
FileModTime:1453204310
%EndFont

%BeginFont
Handler:DirectoryHandler
FontType:PFM
FontName:AdobeSansMM
NumMMAxes:0
OutlineFileName:\PFM\zx______.pfm
FileLength:683
FileModTime:1453204310
%EndFont

%BeginFont
Handler:DirectoryHandler
FontType:PFM
FontName:AdobeSerifMM
NumMMAxes:2
OutlineFileName:\PFM\zy______.mmm
FileLength:7248
FileModTime:1453204310
%EndFont

%BeginFont
Handler:DirectoryHandler
FontType:PFM
FontName:AdobeSerifMM
NumMMAxes:0
OutlineFileName:\PFM\zy______.pfm
FileLength:684
FileModTime:1453204310
%EndFont

